<?xml version="1.0" encoding="UTF-8"?>
<!-- Generated by org.testng.reporters.JUnitXMLReporter -->
<testsuite ignored="0" hostname="CCST3" failures="0" tests="4" name="Playwright" time="20.104" errors="0" timestamp="2026-09-23T09:58:41 IST">
  <testcase classname="iFrameDemo" name="testFrame1" time="0.22"/>
  <testcase classname="iFrameDemo" name="testFrame2" time="0.101"/>
  <testcase classname="iFrameDemo" name="testFrame3" time="0.079"/>
  <testcase classname="iFrameDemo" name="testMainPageButton" time="0.04"/>
</testsuite> <!-- Playwright -->
