<?xml version="1.0" encoding="UTF-8"?>
<!-- Generated by org.testng.reporters.JUnitReportReporter -->
<testsuite hostname="CCST3" failures="0" tests="4" name="iFrameDemo" time="20.040" errors="0" timestamp="2026-09-23T09:58:42 IST" skipped="0">
  <testcase classname="iFrameDemo" name="testFrame1" time="4.810"/>
  <testcase classname="iFrameDemo" name="testFrame2" time="8.333"/>
  <testcase classname="iFrameDemo" name="testFrame3" time="3.655"/>
  <testcase classname="iFrameDemo" name="testMainPageButton" time="3.242"/>
</testsuite> <!-- iFrameDemo -->
